==========================================
SLURM_JOB_ID = 5585
SLURM_JOB_NODELIST = gn01
SLURM_GPUS = 
SLURM_CPUS_ON_NODE = 1
SLURM_JOB_PARTITION = gpu
SLURM_TASK_PID = 2901495
==========================================
/var/spool/slurmd/job05585/slurm_script: line 0: unalias: pip3: not found
/var/spool/slurmd/job05585/slurm_script: line 0: unalias: pip: not found
/var/spool/slurmd/job05585/slurm_script: line 0: unalias: python3: not found
/var/spool/slurmd/job05585/slurm_script: line 0: unalias: idle: not found
/var/spool/slurmd/job05585/slurm_script: line 0: unalias: python: not found
/var/spool/slurmd/job05585/slurm_script: line 0: unalias: pydoc: not found
Currently Loaded Modulefiles:
  1) /mpi/hpcx-v2.4.0        3) /python/pytorch-1.3.0
  2) /gpu/cuda-10.0          4) /python/python-3.7.1
Mon Dec 30 13:53:13 2019       
+-----------------------------------------------------------------------------+
| NVIDIA-SMI 418.87.01    Driver Version: 418.87.01    CUDA Version: 10.1     |
|-------------------------------+----------------------+----------------------+
| GPU  Name        Persistence-M| Bus-Id        Disp.A | Volatile Uncorr. ECC |
| Fan  Temp  Perf  Pwr:Usage/Cap|         Memory-Usage | GPU-Util  Compute M. |
|===============================+======================+======================|
|   0  Tesla M60           On   | 00000000:3D:00.0 Off |                  Off |
| N/A   27C    P0    37W / 150W |   1392MiB /  8129MiB |      0%      Default |
+-------------------------------+----------------------+----------------------+
|   1  Tesla M60           On   | 00000000:3E:00.0 Off |                  Off |
| N/A   22C    P8    13W / 150W |     11MiB /  8129MiB |      0%      Default |
+-------------------------------+----------------------+----------------------+
                                                                               
+-----------------------------------------------------------------------------+
| Processes:                                                       GPU Memory |
|  GPU       PID   Type   Process name                             Usage      |
|=============================================================================|
+-----------------------------------------------------------------------------+
hello!111111
