==========================================
SLURM_JOB_ID = 6250
SLURM_JOB_NODELIST = gn01
SLURM_GPUS = 
SLURM_CPUS_ON_NODE = 1
SLURM_JOB_PARTITION = gpu
SLURM_TASK_PID = 2928853
==========================================
Currently Loaded Modulefiles:
  1) /mpi/hpcx-v2.4.0        3) /python/pytorch-1.3.0
  2) /gpu/cuda-10.0          4) /python/python-3.7.1
Mon Dec 30 14:36:14 2019       
+-----------------------------------------------------------------------------+
| NVIDIA-SMI 418.87.01    Driver Version: 418.87.01    CUDA Version: 10.1     |
|-------------------------------+----------------------+----------------------+
| GPU  Name        Persistence-M| Bus-Id        Disp.A | Volatile Uncorr. ECC |
| Fan  Temp  Perf  Pwr:Usage/Cap|         Memory-Usage | GPU-Util  Compute M. |
|===============================+======================+======================|
|   0  Tesla M60           On   | 00000000:3D:00.0 Off |                  Off |
| N/A   27C    P0    37W / 150W |   1392MiB /  8129MiB |      0%      Default |
+-------------------------------+----------------------+----------------------+
|   1  Tesla M60           On   | 00000000:3E:00.0 Off |                  Off |
| N/A   23C    P8    13W / 150W |     11MiB /  8129MiB |      0%      Default |
+-------------------------------+----------------------+----------------------+
                                                                               
+-----------------------------------------------------------------------------+
| Processes:                                                       GPU Memory |
|  GPU       PID   Type   Process name                             Usage      |
|=============================================================================|
+-----------------------------------------------------------------------------+
python: can't open file 'print('hello world')': [Errno 2] No such file or directory
hello!111111
hello
Fatal Python error: Py_Initialize: can't initialize sys standard streams
Traceback (most recent call last):
  File "/trinity/shared/opt/python-3.7.1/lib/python3.7/_bootlocale.py", line 35, in getpreferredencoding
    if sys.flags.utf8_mode:
AttributeError: 'sys.flags' object has no attribute 'utf8_mode'
/var/spool/slurmd/job06250/slurm_script: line 15: 2928972 Aborted                 python3 ./python_test.py
